<?xml version="1.0" encoding="UTF-8"?>
<testsuite name="seg3x02.booksrestapi.BooksRestApiApplicationTests" tests="1" skipped="0" failures="0" errors="0" timestamp="2024-11-03T21:02:28" hostname="EMILE" time="1.054">
  <properties/>
  <testcase name="contextLoads()" classname="seg3x02.booksrestapi.BooksRestApiApplicationTests" time="1.054"/>
  <system-out><![CDATA[16:02:18.030 [Test worker] INFO org.springframework.test.context.support.AnnotationConfigContextLoaderUtils -- Could not detect default configuration classes for test class [seg3x02.booksrestapi.BooksRestApiApplicationTests]: BooksRestApiApplicationTests does not declare any static, non-private, non-final, nested classes annotated with @Configuration.
16:02:18.162 [Test worker] INFO org.springframework.boot.test.context.SpringBootTestContextBootstrapper -- Found @SpringBootConfiguration seg3x02.booksrestapi.BooksRestApiApplication for test class seg3x02.booksrestapi.BooksRestApiApplicationTests

  .   ____          _            __ _ _
 /\\ / ___'_ __ _ _(_)_ __  __ _ \ \ \ \
( ( )\___ | '_ | '_| | '_ \/ _` | \ \ \ \
 \\/  ___)| |_)| | | | | || (_| |  ) ) ) )
  '  |____| .__|_| |_|_| |_\__, | / / / /
 =========|_|==============|___/=/_/_/_/
 :: Spring Boot ::                (v3.1.1)

2024-11-03T16:02:18.789-05:00  INFO 18824 --- [    Test worker] s.b.BooksRestApiApplicationTests         : Starting BooksRestApiApplicationTests using Java 20.0.2 with PID 18824 (started by leonh in C:\Users\leonh\github-classroom\SEG3502A24\lab7-eleon079)
2024-11-03T16:02:18.791-05:00  INFO 18824 --- [    Test worker] s.b.BooksRestApiApplicationTests         : No active profile set, falling back to 1 default profile: "default"
2024-11-03T16:02:20.405-05:00  INFO 18824 --- [    Test worker] .s.d.r.c.RepositoryConfigurationDelegate : Bootstrapping Spring Data JPA repositories in DEFAULT mode.
2024-11-03T16:02:20.502-05:00  INFO 18824 --- [    Test worker] .s.d.r.c.RepositoryConfigurationDelegate : Finished Spring Data repository scanning in 81 ms. Found 4 JPA repository interfaces.
2024-11-03T16:02:21.227-05:00  INFO 18824 --- [    Test worker] o.hibernate.jpa.internal.util.LogHelper  : HHH000204: Processing PersistenceUnitInfo [name: default]
2024-11-03T16:02:21.375-05:00  INFO 18824 --- [    Test worker] org.hibernate.Version                    : HHH000412: Hibernate ORM core version 6.2.5.Final
2024-11-03T16:02:21.380-05:00  INFO 18824 --- [    Test worker] org.hibernate.cfg.Environment            : HHH000406: Using bytecode reflection optimizer
2024-11-03T16:02:21.808-05:00  INFO 18824 --- [    Test worker] o.h.b.i.BytecodeProviderInitiator        : HHH000021: Bytecode provider name : bytebuddy
2024-11-03T16:02:22.140-05:00  INFO 18824 --- [    Test worker] o.s.o.j.p.SpringPersistenceUnitInfo      : No LoadTimeWeaver setup: ignoring JPA class transformer
2024-11-03T16:02:22.172-05:00  INFO 18824 --- [    Test worker] com.zaxxer.hikari.HikariDataSource       : HikariPool-1 - Starting...
2024-11-03T16:02:22.762-05:00  INFO 18824 --- [    Test worker] com.zaxxer.hikari.pool.HikariPool        : HikariPool-1 - Added connection com.mysql.cj.jdbc.ConnectionImpl@c7673ae
2024-11-03T16:02:22.767-05:00  INFO 18824 --- [    Test worker] com.zaxxer.hikari.HikariDataSource       : HikariPool-1 - Start completed.
2024-11-03T16:02:23.483-05:00  INFO 18824 --- [    Test worker] o.h.b.i.BytecodeProviderInitiator        : HHH000021: Bytecode provider name : bytebuddy
2024-11-03T16:02:24.369-05:00  INFO 18824 --- [    Test worker] o.h.e.t.j.p.i.JtaPlatformInitiator       : HHH000490: Using JtaPlatform implementation: [org.hibernate.engine.transaction.jta.platform.internal.NoJtaPlatform]
2024-11-03T16:02:25.285-05:00  INFO 18824 --- [    Test worker] j.LocalContainerEntityManagerFactoryBean : Initialized JPA EntityManagerFactory for persistence unit 'default'
2024-11-03T16:02:26.078-05:00  INFO 18824 --- [    Test worker] o.s.d.j.r.query.QueryEnhancerFactory     : Hibernate is in classpath; If applicable, HQL parser will be used.
2024-11-03T16:02:27.382-05:00  WARN 18824 --- [    Test worker] JpaBaseConfiguration$JpaWebConfiguration : spring.jpa.open-in-view is enabled by default. Therefore, database queries may be performed during view rendering. Explicitly configure spring.jpa.open-in-view to disable this warning
2024-11-03T16:02:28.733-05:00  INFO 18824 --- [    Test worker] s.b.BooksRestApiApplicationTests         : Started BooksRestApiApplicationTests in 10.281 seconds (process running for 12.062)
]]></system-out>
  <system-err><![CDATA[]]></system-err>
</testsuite>
